Start auto log messages stack - Iteration 1.	[MsgId: MMSG-10545]
Starting action Action.	[MsgId: MMSG-15919]
Action.c(4): web_set_sockets_option started  	[MsgId: MMSG-26355]
Action.c(4): web_set_sockets_option was successful  	[MsgId: MMSG-26392]
Action.c(6): Notify: Transaction "HomePage" started.	[MsgId: MMSG-16999]
Action.c(8): web_url("www.google.com") started  	[MsgId: MMSG-26355]
Action.c(8): Error -27794: Could not resolve address of host www.google.com  	[MsgId: MERR-27794]
End auto log messages stack.	[MsgId: MMSG-10544]


Start auto log messages stack - Iteration 2.	[MsgId: MMSG-10545]
Starting action Action.	[MsgId: MMSG-15919]
Action.c(4): web_set_sockets_option started  	[MsgId: MMSG-26355]
Action.c(4): web_set_sockets_option was successful  	[MsgId: MMSG-26392]
Action.c(6): Notify: Transaction "HomePage" started.	[MsgId: MMSG-16999]
Action.c(8): web_url("www.google.com") started  	[MsgId: MMSG-26355]
Action.c(8): Error -27794: Could not resolve address of host www.google.com  	[MsgId: MERR-27794]
End auto log messages stack.	[MsgId: MMSG-10544]


Start auto log messages stack - Iteration 3.	[MsgId: MMSG-10545]
Starting action Action.	[MsgId: MMSG-15919]
Action.c(4): web_set_sockets_option started  	[MsgId: MMSG-26355]
Action.c(4): web_set_sockets_option was successful  	[MsgId: MMSG-26392]
Action.c(6): Notify: Transaction "HomePage" started.	[MsgId: MMSG-16999]
Action.c(8): web_url("www.google.com") started  	[MsgId: MMSG-26355]
Action.c(8): Error -27794: Could not resolve address of host www.google.com  	[MsgId: MERR-27794]
End auto log messages stack.	[MsgId: MMSG-10544]


Start auto log messages stack - Iteration 4.	[MsgId: MMSG-10545]
Starting action Action.	[MsgId: MMSG-15919]
Action.c(4): web_set_sockets_option started  	[MsgId: MMSG-26355]
Action.c(4): web_set_sockets_option was successful  	[MsgId: MMSG-26392]
Action.c(6): Notify: Transaction "HomePage" started.	[MsgId: MMSG-16999]
Action.c(8): web_url("www.google.com") started  	[MsgId: MMSG-26355]
Action.c(8): Error -27794: Could not resolve address of host www.google.com  	[MsgId: MERR-27794]
End auto log messages stack.	[MsgId: MMSG-10544]


Start auto log messages stack - Iteration 5.	[MsgId: MMSG-10545]
Starting action Action.	[MsgId: MMSG-15919]
Action.c(4): web_set_sockets_option started  	[MsgId: MMSG-26355]
Action.c(4): web_set_sockets_option was successful  	[MsgId: MMSG-26392]
Action.c(6): Notify: Transaction "HomePage" started.	[MsgId: MMSG-16999]
Action.c(8): web_url("www.google.com") started  	[MsgId: MMSG-26355]
Action.c(8): Error -27794: Could not resolve address of host www.google.com  	[MsgId: MERR-27794]
End auto log messages stack.	[MsgId: MMSG-10544]


Start auto log messages stack - Iteration 6.	[MsgId: MMSG-10545]
Starting action Action.	[MsgId: MMSG-15919]
Action.c(4): web_set_sockets_option started  	[MsgId: MMSG-26355]
Action.c(4): web_set_sockets_option was successful  	[MsgId: MMSG-26392]
Action.c(6): Notify: Transaction "HomePage" started.	[MsgId: MMSG-16999]
Action.c(8): web_url("www.google.com") started  	[MsgId: MMSG-26355]
Action.c(8): Error -27794: Could not resolve address of host www.google.com  	[MsgId: MERR-27794]
End auto log messages stack.	[MsgId: MMSG-10544]


Start auto log messages stack - Iteration 7.	[MsgId: MMSG-10545]
Starting action Action.	[MsgId: MMSG-15919]
Action.c(4): web_set_sockets_option started  	[MsgId: MMSG-26355]
Action.c(4): web_set_sockets_option was successful  	[MsgId: MMSG-26392]
Action.c(6): Notify: Transaction "HomePage" started.	[MsgId: MMSG-16999]
Action.c(8): web_url("www.google.com") started  	[MsgId: MMSG-26355]
Action.c(8): Error -27794: Could not resolve address of host www.google.com  	[MsgId: MERR-27794]
End auto log messages stack.	[MsgId: MMSG-10544]


Start auto log messages stack - Iteration 8.	[MsgId: MMSG-10545]
Starting action Action.	[MsgId: MMSG-15919]
Action.c(4): web_set_sockets_option started  	[MsgId: MMSG-26355]
Action.c(4): web_set_sockets_option was successful  	[MsgId: MMSG-26392]
Action.c(6): Notify: Transaction "HomePage" started.	[MsgId: MMSG-16999]
Action.c(8): web_url("www.google.com") started  	[MsgId: MMSG-26355]
Action.c(8): Error -27794: Could not resolve address of host www.google.com  	[MsgId: MERR-27794]
End auto log messages stack.	[MsgId: MMSG-10544]


Start auto log messages stack - Iteration 9.	[MsgId: MMSG-10545]
Starting action Action.	[MsgId: MMSG-15919]
Action.c(4): web_set_sockets_option started  	[MsgId: MMSG-26355]
Action.c(4): web_set_sockets_option was successful  	[MsgId: MMSG-26392]
Action.c(6): Notify: Transaction "HomePage" started.	[MsgId: MMSG-16999]
Action.c(8): web_url("www.google.com") started  	[MsgId: MMSG-26355]
Action.c(8): Error -27794: Could not resolve address of host www.google.com  	[MsgId: MERR-27794]
End auto log messages stack.	[MsgId: MMSG-10544]


Start auto log messages stack - Iteration 10.	[MsgId: MMSG-10545]
Starting action Action.	[MsgId: MMSG-15919]
Action.c(4): web_set_sockets_option started  	[MsgId: MMSG-26355]
Action.c(4): web_set_sockets_option was successful  	[MsgId: MMSG-26392]
Action.c(6): Notify: Transaction "HomePage" started.	[MsgId: MMSG-16999]
Action.c(8): web_url("www.google.com") started  	[MsgId: MMSG-26355]
Action.c(8): Error -27794: Could not resolve address of host www.google.com  	[MsgId: MERR-27794]
End auto log messages stack.	[MsgId: MMSG-10544]


Start auto log messages stack - Iteration 11.	[MsgId: MMSG-10545]
Starting action Action.	[MsgId: MMSG-15919]
Action.c(4): web_set_sockets_option started  	[MsgId: MMSG-26355]
Action.c(4): web_set_sockets_option was successful  	[MsgId: MMSG-26392]
Action.c(6): Notify: Transaction "HomePage" started.	[MsgId: MMSG-16999]
Action.c(8): web_url("www.google.com") started  	[MsgId: MMSG-26355]
Action.c(8): Error -27794: Could not resolve address of host www.google.com  	[MsgId: MERR-27794]
End auto log messages stack.	[MsgId: MMSG-10544]


Start auto log messages stack - Iteration 12.	[MsgId: MMSG-10545]
Starting action Action.	[MsgId: MMSG-15919]
Action.c(4): web_set_sockets_option started  	[MsgId: MMSG-26355]
Action.c(4): web_set_sockets_option was successful  	[MsgId: MMSG-26392]
Action.c(6): Notify: Transaction "HomePage" started.	[MsgId: MMSG-16999]
Action.c(8): web_url("www.google.com") started  	[MsgId: MMSG-26355]
Action.c(8): Error -27794: Could not resolve address of host www.google.com  	[MsgId: MERR-27794]
End auto log messages stack.	[MsgId: MMSG-10544]


Start auto log messages stack - Iteration 13.	[MsgId: MMSG-10545]
Starting action Action.	[MsgId: MMSG-15919]
Action.c(4): web_set_sockets_option started  	[MsgId: MMSG-26355]
Action.c(4): web_set_sockets_option was successful  	[MsgId: MMSG-26392]
Action.c(6): Notify: Transaction "HomePage" started.	[MsgId: MMSG-16999]
Action.c(8): web_url("www.google.com") started  	[MsgId: MMSG-26355]
Action.c(8): Error -27794: Could not resolve address of host www.google.com  	[MsgId: MERR-27794]
End auto log messages stack.	[MsgId: MMSG-10544]


Start auto log messages stack - Iteration 14.	[MsgId: MMSG-10545]
Starting action Action.	[MsgId: MMSG-15919]
Action.c(4): web_set_sockets_option started  	[MsgId: MMSG-26355]
Action.c(4): web_set_sockets_option was successful  	[MsgId: MMSG-26392]
Action.c(6): Notify: Transaction "HomePage" started.	[MsgId: MMSG-16999]
Action.c(8): web_url("www.google.com") started  	[MsgId: MMSG-26355]
Action.c(8): Error -27794: Could not resolve address of host www.google.com  	[MsgId: MERR-27794]
End auto log messages stack.	[MsgId: MMSG-10544]


Start auto log messages stack - Iteration 15.	[MsgId: MMSG-10545]
Starting action Action.	[MsgId: MMSG-15919]
Action.c(4): web_set_sockets_option started  	[MsgId: MMSG-26355]
Action.c(4): web_set_sockets_option was successful  	[MsgId: MMSG-26392]
Action.c(6): Notify: Transaction "HomePage" started.	[MsgId: MMSG-16999]
Action.c(8): web_url("www.google.com") started  	[MsgId: MMSG-26355]
Action.c(8): Error -27794: Could not resolve address of host www.google.com  	[MsgId: MERR-27794]
End auto log messages stack.	[MsgId: MMSG-10544]


Start auto log messages stack - Iteration 16.	[MsgId: MMSG-10545]
Starting action Action.	[MsgId: MMSG-15919]
Action.c(4): web_set_sockets_option started  	[MsgId: MMSG-26355]
Action.c(4): web_set_sockets_option was successful  	[MsgId: MMSG-26392]
Action.c(6): Notify: Transaction "HomePage" started.	[MsgId: MMSG-16999]
Action.c(8): web_url("www.google.com") started  	[MsgId: MMSG-26355]
Action.c(8): Error -27794: Could not resolve address of host www.google.com  	[MsgId: MERR-27794]
End auto log messages stack.	[MsgId: MMSG-10544]


Start auto log messages stack - Iteration 17.	[MsgId: MMSG-10545]
Starting action Action.	[MsgId: MMSG-15919]
Action.c(4): web_set_sockets_option started  	[MsgId: MMSG-26355]
Action.c(4): web_set_sockets_option was successful  	[MsgId: MMSG-26392]
Action.c(6): Notify: Transaction "HomePage" started.	[MsgId: MMSG-16999]
Action.c(8): web_url("www.google.com") started  	[MsgId: MMSG-26355]
Action.c(8): Error -27794: Could not resolve address of host www.google.com  	[MsgId: MERR-27794]
End auto log messages stack.	[MsgId: MMSG-10544]


Start auto log messages stack - Iteration 18.	[MsgId: MMSG-10545]
Starting action Action.	[MsgId: MMSG-15919]
Action.c(4): web_set_sockets_option started  	[MsgId: MMSG-26355]
Action.c(4): web_set_sockets_option was successful  	[MsgId: MMSG-26392]
Action.c(6): Notify: Transaction "HomePage" started.	[MsgId: MMSG-16999]
Action.c(8): web_url("www.google.com") started  	[MsgId: MMSG-26355]
Action.c(8): Error -27794: Could not resolve address of host www.google.com  	[MsgId: MERR-27794]
End auto log messages stack.	[MsgId: MMSG-10544]


Start auto log messages stack - Iteration 19.	[MsgId: MMSG-10545]
Starting action Action.	[MsgId: MMSG-15919]
Action.c(4): web_set_sockets_option started  	[MsgId: MMSG-26355]
Action.c(4): web_set_sockets_option was successful  	[MsgId: MMSG-26392]
Action.c(6): Notify: Transaction "HomePage" started.	[MsgId: MMSG-16999]
Action.c(8): web_url("www.google.com") started  	[MsgId: MMSG-26355]
Action.c(8): Error -27794: Could not resolve address of host www.google.com  	[MsgId: MERR-27794]
End auto log messages stack.	[MsgId: MMSG-10544]


Start auto log messages stack - Iteration 20.	[MsgId: MMSG-10545]
Starting action Action.	[MsgId: MMSG-15919]
Action.c(4): web_set_sockets_option started  	[MsgId: MMSG-26355]
Action.c(4): web_set_sockets_option was successful  	[MsgId: MMSG-26392]
Action.c(6): Notify: Transaction "HomePage" started.	[MsgId: MMSG-16999]
Action.c(8): web_url("www.google.com") started  	[MsgId: MMSG-26355]
Action.c(8): Error -27794: Could not resolve address of host www.google.com  	[MsgId: MERR-27794]
End auto log messages stack.	[MsgId: MMSG-10544]


Start auto log messages stack - Iteration 21.	[MsgId: MMSG-10545]
Starting action Action.	[MsgId: MMSG-15919]
Action.c(4): web_set_sockets_option started  	[MsgId: MMSG-26355]
Action.c(4): web_set_sockets_option was successful  	[MsgId: MMSG-26392]
Action.c(6): Notify: Transaction "HomePage" started.	[MsgId: MMSG-16999]
Action.c(8): web_url("www.google.com") started  	[MsgId: MMSG-26355]
Action.c(8): Error -27794: Could not resolve address of host www.google.com  	[MsgId: MERR-27794]
End auto log messages stack.	[MsgId: MMSG-10544]


Start auto log messages stack - Iteration 22.	[MsgId: MMSG-10545]
Starting action Action.	[MsgId: MMSG-15919]
Action.c(4): web_set_sockets_option started  	[MsgId: MMSG-26355]
Action.c(4): web_set_sockets_option was successful  	[MsgId: MMSG-26392]
Action.c(6): Notify: Transaction "HomePage" started.	[MsgId: MMSG-16999]
Action.c(8): web_url("www.google.com") started  	[MsgId: MMSG-26355]
Action.c(8): Error -27794: Could not resolve address of host www.google.com  	[MsgId: MERR-27794]
End auto log messages stack.	[MsgId: MMSG-10544]


Start auto log messages stack - Iteration 23.	[MsgId: MMSG-10545]
Starting action Action.	[MsgId: MMSG-15919]
Action.c(4): web_set_sockets_option started  	[MsgId: MMSG-26355]
Action.c(4): web_set_sockets_option was successful  	[MsgId: MMSG-26392]
Action.c(6): Notify: Transaction "HomePage" started.	[MsgId: MMSG-16999]
Action.c(8): web_url("www.google.com") started  	[MsgId: MMSG-26355]
Action.c(8): Error -27794: Could not resolve address of host www.google.com  	[MsgId: MERR-27794]
End auto log messages stack.	[MsgId: MMSG-10544]


Start auto log messages stack - Iteration 24.	[MsgId: MMSG-10545]
Starting action Action.	[MsgId: MMSG-15919]
Action.c(4): web_set_sockets_option started  	[MsgId: MMSG-26355]
Action.c(4): web_set_sockets_option was successful  	[MsgId: MMSG-26392]
Action.c(6): Notify: Transaction "HomePage" started.	[MsgId: MMSG-16999]
Action.c(8): web_url("www.google.com") started  	[MsgId: MMSG-26355]
Action.c(8): Error -27794: Could not resolve address of host www.google.com  	[MsgId: MERR-27794]
End auto log messages stack.	[MsgId: MMSG-10544]


Start auto log messages stack - Iteration 25.	[MsgId: MMSG-10545]
Starting action Action.	[MsgId: MMSG-15919]
Action.c(4): web_set_sockets_option started  	[MsgId: MMSG-26355]
Action.c(4): web_set_sockets_option was successful  	[MsgId: MMSG-26392]
Action.c(6): Notify: Transaction "HomePage" started.	[MsgId: MMSG-16999]
Action.c(8): web_url("www.google.com") started  	[MsgId: MMSG-26355]
Action.c(8): Error -27794: Could not resolve address of host www.google.com  	[MsgId: MERR-27794]
End auto log messages stack.	[MsgId: MMSG-10544]


Start auto log messages stack - Iteration 26.	[MsgId: MMSG-10545]
Starting action Action.	[MsgId: MMSG-15919]
Action.c(4): web_set_sockets_option started  	[MsgId: MMSG-26355]
Action.c(4): web_set_sockets_option was successful  	[MsgId: MMSG-26392]
Action.c(6): Notify: Transaction "HomePage" started.	[MsgId: MMSG-16999]
Action.c(8): web_url("www.google.com") started  	[MsgId: MMSG-26355]
Action.c(8): Error -27794: Could not resolve address of host www.google.com  	[MsgId: MERR-27794]
End auto log messages stack.	[MsgId: MMSG-10544]


Start auto log messages stack - Iteration 27.	[MsgId: MMSG-10545]
Starting action Action.	[MsgId: MMSG-15919]
Action.c(4): web_set_sockets_option started  	[MsgId: MMSG-26355]
Action.c(4): web_set_sockets_option was successful  	[MsgId: MMSG-26392]
Action.c(6): Notify: Transaction "HomePage" started.	[MsgId: MMSG-16999]
Action.c(8): web_url("www.google.com") started  	[MsgId: MMSG-26355]
Action.c(8): Error -27794: Could not resolve address of host www.google.com  	[MsgId: MERR-27794]
End auto log messages stack.	[MsgId: MMSG-10544]


Start auto log messages stack - Iteration 28.	[MsgId: MMSG-10545]
Starting action Action.	[MsgId: MMSG-15919]
Action.c(4): web_set_sockets_option started  	[MsgId: MMSG-26355]
Action.c(4): web_set_sockets_option was successful  	[MsgId: MMSG-26392]
Action.c(6): Notify: Transaction "HomePage" started.	[MsgId: MMSG-16999]
Action.c(8): web_url("www.google.com") started  	[MsgId: MMSG-26355]
Action.c(8): Error -27794: Could not resolve address of host www.google.com  	[MsgId: MERR-27794]
End auto log messages stack.	[MsgId: MMSG-10544]


Start auto log messages stack - Iteration 29.	[MsgId: MMSG-10545]
Starting action Action.	[MsgId: MMSG-15919]
Action.c(4): web_set_sockets_option started  	[MsgId: MMSG-26355]
Action.c(4): web_set_sockets_option was successful  	[MsgId: MMSG-26392]
Action.c(6): Notify: Transaction "HomePage" started.	[MsgId: MMSG-16999]
Action.c(8): web_url("www.google.com") started  	[MsgId: MMSG-26355]
Action.c(8): Error -27794: Could not resolve address of host www.google.com  	[MsgId: MERR-27794]
End auto log messages stack.	[MsgId: MMSG-10544]


Start auto log messages stack - Iteration 30.	[MsgId: MMSG-10545]
Starting action Action.	[MsgId: MMSG-15919]
Action.c(4): web_set_sockets_option started  	[MsgId: MMSG-26355]
Action.c(4): web_set_sockets_option was successful  	[MsgId: MMSG-26392]
Action.c(6): Notify: Transaction "HomePage" started.	[MsgId: MMSG-16999]
Action.c(8): web_url("www.google.com") started  	[MsgId: MMSG-26355]
Action.c(8): Error -27794: Could not resolve address of host www.google.com  	[MsgId: MERR-27794]
End auto log messages stack.	[MsgId: MMSG-10544]


Start auto log messages stack - Iteration 31.	[MsgId: MMSG-10545]
Starting action Action.	[MsgId: MMSG-15919]
Action.c(4): web_set_sockets_option started  	[MsgId: MMSG-26355]
Action.c(4): web_set_sockets_option was successful  	[MsgId: MMSG-26392]
Action.c(6): Notify: Transaction "HomePage" started.	[MsgId: MMSG-16999]
Action.c(8): web_url("www.google.com") started  	[MsgId: MMSG-26355]
Action.c(8): Error -27794: Could not resolve address of host www.google.com  	[MsgId: MERR-27794]
End auto log messages stack.	[MsgId: MMSG-10544]


Start auto log messages stack - Iteration 32.	[MsgId: MMSG-10545]
Starting action Action.	[MsgId: MMSG-15919]
Action.c(4): web_set_sockets_option started  	[MsgId: MMSG-26355]
Action.c(4): web_set_sockets_option was successful  	[MsgId: MMSG-26392]
Action.c(6): Notify: Transaction "HomePage" started.	[MsgId: MMSG-16999]
Action.c(8): web_url("www.google.com") started  	[MsgId: MMSG-26355]
Action.c(8): Error -27794: Could not resolve address of host www.google.com  	[MsgId: MERR-27794]
End auto log messages stack.	[MsgId: MMSG-10544]


Start auto log messages stack - Iteration 33.	[MsgId: MMSG-10545]
Starting action Action.	[MsgId: MMSG-15919]
Action.c(4): web_set_sockets_option started  	[MsgId: MMSG-26355]
Action.c(4): web_set_sockets_option was successful  	[MsgId: MMSG-26392]
Action.c(6): Notify: Transaction "HomePage" started.	[MsgId: MMSG-16999]
Action.c(8): web_url("www.google.com") started  	[MsgId: MMSG-26355]
Action.c(8): Error -27794: Could not resolve address of host www.google.com  	[MsgId: MERR-27794]
End auto log messages stack.	[MsgId: MMSG-10544]


Start auto log messages stack - Iteration 34.	[MsgId: MMSG-10545]
Starting action Action.	[MsgId: MMSG-15919]
Action.c(4): web_set_sockets_option started  	[MsgId: MMSG-26355]
Action.c(4): web_set_sockets_option was successful  	[MsgId: MMSG-26392]
Action.c(6): Notify: Transaction "HomePage" started.	[MsgId: MMSG-16999]
Action.c(8): web_url("www.google.com") started  	[MsgId: MMSG-26355]
Action.c(8): Error -27794: Could not resolve address of host www.google.com  	[MsgId: MERR-27794]
End auto log messages stack.	[MsgId: MMSG-10544]


Start auto log messages stack - Iteration 35.	[MsgId: MMSG-10545]
Starting action Action.	[MsgId: MMSG-15919]
Action.c(4): web_set_sockets_option started  	[MsgId: MMSG-26355]
Action.c(4): web_set_sockets_option was successful  	[MsgId: MMSG-26392]
Action.c(6): Notify: Transaction "HomePage" started.	[MsgId: MMSG-16999]
Action.c(8): web_url("www.google.com") started  	[MsgId: MMSG-26355]
Action.c(8): Error -27794: Could not resolve address of host www.google.com  	[MsgId: MERR-27794]
End auto log messages stack.	[MsgId: MMSG-10544]


Start auto log messages stack - Iteration 36.	[MsgId: MMSG-10545]
Starting action Action.	[MsgId: MMSG-15919]
Action.c(4): web_set_sockets_option started  	[MsgId: MMSG-26355]
Action.c(4): web_set_sockets_option was successful  	[MsgId: MMSG-26392]
Action.c(6): Notify: Transaction "HomePage" started.	[MsgId: MMSG-16999]
Action.c(8): web_url("www.google.com") started  	[MsgId: MMSG-26355]
Action.c(8): Error -27794: Could not resolve address of host www.google.com  	[MsgId: MERR-27794]
End auto log messages stack.	[MsgId: MMSG-10544]


Start auto log messages stack - Iteration 37.	[MsgId: MMSG-10545]
Starting action Action.	[MsgId: MMSG-15919]
Action.c(4): web_set_sockets_option started  	[MsgId: MMSG-26355]
Action.c(4): web_set_sockets_option was successful  	[MsgId: MMSG-26392]
Action.c(6): Notify: Transaction "HomePage" started.	[MsgId: MMSG-16999]
Action.c(8): web_url("www.google.com") started  	[MsgId: MMSG-26355]
Action.c(8): Error -27794: Could not resolve address of host www.google.com  	[MsgId: MERR-27794]
End auto log messages stack.	[MsgId: MMSG-10544]


Start auto log messages stack - Iteration 38.	[MsgId: MMSG-10545]
Starting action Action.	[MsgId: MMSG-15919]
Action.c(4): web_set_sockets_option started  	[MsgId: MMSG-26355]
Action.c(4): web_set_sockets_option was successful  	[MsgId: MMSG-26392]
Action.c(6): Notify: Transaction "HomePage" started.	[MsgId: MMSG-16999]
Action.c(8): web_url("www.google.com") started  	[MsgId: MMSG-26355]
Action.c(8): Error -27794: Could not resolve address of host www.google.com  	[MsgId: MERR-27794]
End auto log messages stack.	[MsgId: MMSG-10544]


Start auto log messages stack - Iteration 39.	[MsgId: MMSG-10545]
Starting action Action.	[MsgId: MMSG-15919]
Action.c(4): web_set_sockets_option started  	[MsgId: MMSG-26355]
Action.c(4): web_set_sockets_option was successful  	[MsgId: MMSG-26392]
Action.c(6): Notify: Transaction "HomePage" started.	[MsgId: MMSG-16999]
Action.c(8): web_url("www.google.com") started  	[MsgId: MMSG-26355]
Action.c(8): Error -27794: Could not resolve address of host www.google.com  	[MsgId: MERR-27794]
End auto log messages stack.	[MsgId: MMSG-10544]


Start auto log messages stack - Iteration 40.	[MsgId: MMSG-10545]
Starting action Action.	[MsgId: MMSG-15919]
Action.c(4): web_set_sockets_option started  	[MsgId: MMSG-26355]
Action.c(4): web_set_sockets_option was successful  	[MsgId: MMSG-26392]
Action.c(6): Notify: Transaction "HomePage" started.	[MsgId: MMSG-16999]
Action.c(8): web_url("www.google.com") started  	[MsgId: MMSG-26355]
Action.c(8): Error -27794: Could not resolve address of host www.google.com  	[MsgId: MERR-27794]
End auto log messages stack.	[MsgId: MMSG-10544]


Start auto log messages stack - Iteration 41.	[MsgId: MMSG-10545]
Starting action Action.	[MsgId: MMSG-15919]
Action.c(4): web_set_sockets_option started  	[MsgId: MMSG-26355]
Action.c(4): web_set_sockets_option was successful  	[MsgId: MMSG-26392]
Action.c(6): Notify: Transaction "HomePage" started.	[MsgId: MMSG-16999]
Action.c(8): web_url("www.google.com") started  	[MsgId: MMSG-26355]
Action.c(8): Error -27794: Could not resolve address of host www.google.com  	[MsgId: MERR-27794]
End auto log messages stack.	[MsgId: MMSG-10544]


Start auto log messages stack - Iteration 42.	[MsgId: MMSG-10545]
Starting action Action.	[MsgId: MMSG-15919]
Action.c(4): web_set_sockets_option started  	[MsgId: MMSG-26355]
Action.c(4): web_set_sockets_option was successful  	[MsgId: MMSG-26392]
Action.c(6): Notify: Transaction "HomePage" started.	[MsgId: MMSG-16999]
Action.c(8): web_url("www.google.com") started  	[MsgId: MMSG-26355]
Action.c(8): Error -27794: Could not resolve address of host www.google.com  	[MsgId: MERR-27794]
End auto log messages stack.	[MsgId: MMSG-10544]


Start auto log messages stack - Iteration 43.	[MsgId: MMSG-10545]
Starting action Action.	[MsgId: MMSG-15919]
Action.c(4): web_set_sockets_option started  	[MsgId: MMSG-26355]
Action.c(4): web_set_sockets_option was successful  	[MsgId: MMSG-26392]
Action.c(6): Notify: Transaction "HomePage" started.	[MsgId: MMSG-16999]
Action.c(8): web_url("www.google.com") started  	[MsgId: MMSG-26355]
Action.c(8): Error -27794: Could not resolve address of host www.google.com  	[MsgId: MERR-27794]
End auto log messages stack.	[MsgId: MMSG-10544]


Start auto log messages stack - Iteration 44.	[MsgId: MMSG-10545]
Starting action Action.	[MsgId: MMSG-15919]
Action.c(4): web_set_sockets_option started  	[MsgId: MMSG-26355]
Action.c(4): web_set_sockets_option was successful  	[MsgId: MMSG-26392]
Action.c(6): Notify: Transaction "HomePage" started.	[MsgId: MMSG-16999]
Action.c(8): web_url("www.google.com") started  	[MsgId: MMSG-26355]
Action.c(8): Error -27794: Could not resolve address of host www.google.com  	[MsgId: MERR-27794]
End auto log messages stack.	[MsgId: MMSG-10544]


Start auto log messages stack - Iteration 45.	[MsgId: MMSG-10545]
Starting action Action.	[MsgId: MMSG-15919]
Action.c(4): web_set_sockets_option started  	[MsgId: MMSG-26355]
Action.c(4): web_set_sockets_option was successful  	[MsgId: MMSG-26392]
Action.c(6): Notify: Transaction "HomePage" started.	[MsgId: MMSG-16999]
Action.c(8): web_url("www.google.com") started  	[MsgId: MMSG-26355]
Action.c(8): Error -27794: Could not resolve address of host www.google.com  	[MsgId: MERR-27794]
End auto log messages stack.	[MsgId: MMSG-10544]


Start auto log messages stack - Iteration 46.	[MsgId: MMSG-10545]
Starting action Action.	[MsgId: MMSG-15919]
Action.c(4): web_set_sockets_option started  	[MsgId: MMSG-26355]
Action.c(4): web_set_sockets_option was successful  	[MsgId: MMSG-26392]
Action.c(6): Notify: Transaction "HomePage" started.	[MsgId: MMSG-16999]
Action.c(8): web_url("www.google.com") started  	[MsgId: MMSG-26355]
Action.c(8): Error -27794: Could not resolve address of host www.google.com  	[MsgId: MERR-27794]
End auto log messages stack.	[MsgId: MMSG-10544]


Start auto log messages stack - Iteration 47.	[MsgId: MMSG-10545]
Starting action Action.	[MsgId: MMSG-15919]
Action.c(4): web_set_sockets_option started  	[MsgId: MMSG-26355]
Action.c(4): web_set_sockets_option was successful  	[MsgId: MMSG-26392]
Action.c(6): Notify: Transaction "HomePage" started.	[MsgId: MMSG-16999]
Action.c(8): web_url("www.google.com") started  	[MsgId: MMSG-26355]
Action.c(8): Error -27794: Could not resolve address of host www.google.com  	[MsgId: MERR-27794]
End auto log messages stack.	[MsgId: MMSG-10544]


Start auto log messages stack - Iteration 48.	[MsgId: MMSG-10545]
Starting action Action.	[MsgId: MMSG-15919]
Action.c(4): web_set_sockets_option started  	[MsgId: MMSG-26355]
Action.c(4): web_set_sockets_option was successful  	[MsgId: MMSG-26392]
Action.c(6): Notify: Transaction "HomePage" started.	[MsgId: MMSG-16999]
Action.c(8): web_url("www.google.com") started  	[MsgId: MMSG-26355]
Action.c(8): Error -27794: Could not resolve address of host www.google.com  	[MsgId: MERR-27794]
End auto log messages stack.	[MsgId: MMSG-10544]


Start auto log messages stack - Iteration 49.	[MsgId: MMSG-10545]
Starting action Action.	[MsgId: MMSG-15919]
Action.c(4): web_set_sockets_option started  	[MsgId: MMSG-26355]
Action.c(4): web_set_sockets_option was successful  	[MsgId: MMSG-26392]
Action.c(6): Notify: Transaction "HomePage" started.	[MsgId: MMSG-16999]
Action.c(8): web_url("www.google.com") started  	[MsgId: MMSG-26355]
Action.c(8): Error -27794: Could not resolve address of host www.google.com  	[MsgId: MERR-27794]
End auto log messages stack.	[MsgId: MMSG-10544]


Start auto log messages stack - Iteration 50.	[MsgId: MMSG-10545]
Starting action Action.	[MsgId: MMSG-15919]
Action.c(4): web_set_sockets_option started  	[MsgId: MMSG-26355]
Action.c(4): web_set_sockets_option was successful  	[MsgId: MMSG-26392]
Action.c(6): Notify: Transaction "HomePage" started.	[MsgId: MMSG-16999]
Action.c(8): web_url("www.google.com") started  	[MsgId: MMSG-26355]
Action.c(8): Error -27794: Could not resolve address of host www.google.com  	[MsgId: MERR-27794]
End auto log messages stack.	[MsgId: MMSG-10544]


Start auto log messages stack - Iteration 51.	[MsgId: MMSG-10545]
Starting action Action.	[MsgId: MMSG-15919]
Action.c(4): web_set_sockets_option started  	[MsgId: MMSG-26355]
Action.c(4): web_set_sockets_option was successful  	[MsgId: MMSG-26392]
Action.c(6): Notify: Transaction "HomePage" started.	[MsgId: MMSG-16999]
Action.c(8): web_url("www.google.com") started  	[MsgId: MMSG-26355]
Action.c(8): Error -27794: Could not resolve address of host www.google.com  	[MsgId: MERR-27794]
End auto log messages stack.	[MsgId: MMSG-10544]


Start auto log messages stack - Iteration 52.	[MsgId: MMSG-10545]
Starting action Action.	[MsgId: MMSG-15919]
Action.c(4): web_set_sockets_option started  	[MsgId: MMSG-26355]
Action.c(4): web_set_sockets_option was successful  	[MsgId: MMSG-26392]
Action.c(6): Notify: Transaction "HomePage" started.	[MsgId: MMSG-16999]
Action.c(8): web_url("www.google.com") started  	[MsgId: MMSG-26355]
Action.c(8): Error -27794: Could not resolve address of host www.google.com  	[MsgId: MERR-27794]
End auto log messages stack.	[MsgId: MMSG-10544]


Start auto log messages stack - Iteration 53.	[MsgId: MMSG-10545]
Starting action Action.	[MsgId: MMSG-15919]
Action.c(4): web_set_sockets_option started  	[MsgId: MMSG-26355]
Action.c(4): web_set_sockets_option was successful  	[MsgId: MMSG-26392]
Action.c(6): Notify: Transaction "HomePage" started.	[MsgId: MMSG-16999]
Action.c(8): web_url("www.google.com") started  	[MsgId: MMSG-26355]
Action.c(8): Error -27794: Could not resolve address of host www.google.com  	[MsgId: MERR-27794]
End auto log messages stack.	[MsgId: MMSG-10544]


Start auto log messages stack - Iteration 54.	[MsgId: MMSG-10545]
Starting action Action.	[MsgId: MMSG-15919]
Action.c(4): web_set_sockets_option started  	[MsgId: MMSG-26355]
Action.c(4): web_set_sockets_option was successful  	[MsgId: MMSG-26392]
Action.c(6): Notify: Transaction "HomePage" started.	[MsgId: MMSG-16999]
Action.c(8): web_url("www.google.com") started  	[MsgId: MMSG-26355]
Action.c(8): Error -27794: Could not resolve address of host www.google.com  	[MsgId: MERR-27794]
End auto log messages stack.	[MsgId: MMSG-10544]


Start auto log messages stack - Iteration 55.	[MsgId: MMSG-10545]
Starting action Action.	[MsgId: MMSG-15919]
Action.c(4): web_set_sockets_option started  	[MsgId: MMSG-26355]
Action.c(4): web_set_sockets_option was successful  	[MsgId: MMSG-26392]
Action.c(6): Notify: Transaction "HomePage" started.	[MsgId: MMSG-16999]
Action.c(8): web_url("www.google.com") started  	[MsgId: MMSG-26355]
Action.c(8): Error -27794: Could not resolve address of host www.google.com  	[MsgId: MERR-27794]
End auto log messages stack.	[MsgId: MMSG-10544]


Start auto log messages stack - Iteration 56.	[MsgId: MMSG-10545]
Starting action Action.	[MsgId: MMSG-15919]
Action.c(4): web_set_sockets_option started  	[MsgId: MMSG-26355]
Action.c(4): web_set_sockets_option was successful  	[MsgId: MMSG-26392]
Action.c(6): Notify: Transaction "HomePage" started.	[MsgId: MMSG-16999]
Action.c(8): web_url("www.google.com") started  	[MsgId: MMSG-26355]
Action.c(8): Error -27794: Could not resolve address of host www.google.com  	[MsgId: MERR-27794]
End auto log messages stack.	[MsgId: MMSG-10544]


Start auto log messages stack - Iteration 57.	[MsgId: MMSG-10545]
Starting action Action.	[MsgId: MMSG-15919]
Action.c(4): web_set_sockets_option started  	[MsgId: MMSG-26355]
Action.c(4): web_set_sockets_option was successful  	[MsgId: MMSG-26392]
Action.c(6): Notify: Transaction "HomePage" started.	[MsgId: MMSG-16999]
Action.c(8): web_url("www.google.com") started  	[MsgId: MMSG-26355]
Action.c(8): Error -27794: Could not resolve address of host www.google.com  	[MsgId: MERR-27794]
End auto log messages stack.	[MsgId: MMSG-10544]


Start auto log messages stack - Iteration 58.	[MsgId: MMSG-10545]
Starting action Action.	[MsgId: MMSG-15919]
Action.c(4): web_set_sockets_option started  	[MsgId: MMSG-26355]
Action.c(4): web_set_sockets_option was successful  	[MsgId: MMSG-26392]
Action.c(6): Notify: Transaction "HomePage" started.	[MsgId: MMSG-16999]
Action.c(8): web_url("www.google.com") started  	[MsgId: MMSG-26355]
Action.c(8): Error -27794: Could not resolve address of host www.google.com  	[MsgId: MERR-27794]
End auto log messages stack.	[MsgId: MMSG-10544]


Start auto log messages stack - Iteration 59.	[MsgId: MMSG-10545]
Starting action Action.	[MsgId: MMSG-15919]
Action.c(4): web_set_sockets_option started  	[MsgId: MMSG-26355]
Action.c(4): web_set_sockets_option was successful  	[MsgId: MMSG-26392]
Action.c(6): Notify: Transaction "HomePage" started.	[MsgId: MMSG-16999]
Action.c(8): web_url("www.google.com") started  	[MsgId: MMSG-26355]
Action.c(8): Error -27794: Could not resolve address of host www.google.com  	[MsgId: MERR-27794]
End auto log messages stack.	[MsgId: MMSG-10544]


Start auto log messages stack - Iteration 60.	[MsgId: MMSG-10545]
Starting action Action.	[MsgId: MMSG-15919]
Action.c(4): web_set_sockets_option started  	[MsgId: MMSG-26355]
Action.c(4): web_set_sockets_option was successful  	[MsgId: MMSG-26392]
Action.c(6): Notify: Transaction "HomePage" started.	[MsgId: MMSG-16999]
Action.c(8): web_url("www.google.com") started  	[MsgId: MMSG-26355]
Action.c(8): Error -27794: Could not resolve address of host www.google.com  	[MsgId: MERR-27794]
End auto log messages stack.	[MsgId: MMSG-10544]


Start auto log messages stack - Iteration 61.	[MsgId: MMSG-10545]
Starting action Action.	[MsgId: MMSG-15919]
Action.c(4): web_set_sockets_option started  	[MsgId: MMSG-26355]
Action.c(4): web_set_sockets_option was successful  	[MsgId: MMSG-26392]
Action.c(6): Notify: Transaction "HomePage" started.	[MsgId: MMSG-16999]
Action.c(8): web_url("www.google.com") started  	[MsgId: MMSG-26355]
Action.c(8): Error -27794: Could not resolve address of host www.google.com  	[MsgId: MERR-27794]
End auto log messages stack.	[MsgId: MMSG-10544]


Start auto log messages stack - Iteration 62.	[MsgId: MMSG-10545]
Starting action Action.	[MsgId: MMSG-15919]
Action.c(4): web_set_sockets_option started  	[MsgId: MMSG-26355]
Action.c(4): web_set_sockets_option was successful  	[MsgId: MMSG-26392]
Action.c(6): Notify: Transaction "HomePage" started.	[MsgId: MMSG-16999]
Action.c(8): web_url("www.google.com") started  	[MsgId: MMSG-26355]
Action.c(8): Error -27794: Could not resolve address of host www.google.com  	[MsgId: MERR-27794]
End auto log messages stack.	[MsgId: MMSG-10544]


Start auto log messages stack - Iteration 63.	[MsgId: MMSG-10545]
Starting action Action.	[MsgId: MMSG-15919]
Action.c(4): web_set_sockets_option started  	[MsgId: MMSG-26355]
Action.c(4): web_set_sockets_option was successful  	[MsgId: MMSG-26392]
Action.c(6): Notify: Transaction "HomePage" started.	[MsgId: MMSG-16999]
Action.c(8): web_url("www.google.com") started  	[MsgId: MMSG-26355]
Action.c(8): Error -27794: Could not resolve address of host www.google.com  	[MsgId: MERR-27794]
End auto log messages stack.	[MsgId: MMSG-10544]


Start auto log messages stack - Iteration 64.	[MsgId: MMSG-10545]
Starting action Action.	[MsgId: MMSG-15919]
Action.c(4): web_set_sockets_option started  	[MsgId: MMSG-26355]
Action.c(4): web_set_sockets_option was successful  	[MsgId: MMSG-26392]
Action.c(6): Notify: Transaction "HomePage" started.	[MsgId: MMSG-16999]
Action.c(8): web_url("www.google.com") started  	[MsgId: MMSG-26355]
Action.c(8): Error -27794: Could not resolve address of host www.google.com  	[MsgId: MERR-27794]
End auto log messages stack.	[MsgId: MMSG-10544]


Start auto log messages stack - Iteration 65.	[MsgId: MMSG-10545]
Starting action Action.	[MsgId: MMSG-15919]
Action.c(4): web_set_sockets_option started  	[MsgId: MMSG-26355]
Action.c(4): web_set_sockets_option was successful  	[MsgId: MMSG-26392]
Action.c(6): Notify: Transaction "HomePage" started.	[MsgId: MMSG-16999]
Action.c(8): web_url("www.google.com") started  	[MsgId: MMSG-26355]
Action.c(8): Error -27794: Could not resolve address of host www.google.com  	[MsgId: MERR-27794]
End auto log messages stack.	[MsgId: MMSG-10544]


Start auto log messages stack - Iteration 66.	[MsgId: MMSG-10545]
Starting action Action.	[MsgId: MMSG-15919]
Action.c(4): web_set_sockets_option started  	[MsgId: MMSG-26355]
Action.c(4): web_set_sockets_option was successful  	[MsgId: MMSG-26392]
Action.c(6): Notify: Transaction "HomePage" started.	[MsgId: MMSG-16999]
Action.c(8): web_url("www.google.com") started  	[MsgId: MMSG-26355]
Action.c(8): Error -27794: Could not resolve address of host www.google.com  	[MsgId: MERR-27794]
End auto log messages stack.	[MsgId: MMSG-10544]


Start auto log messages stack - Iteration 67.	[MsgId: MMSG-10545]
Starting action Action.	[MsgId: MMSG-15919]
Action.c(4): web_set_sockets_option started  	[MsgId: MMSG-26355]
Action.c(4): web_set_sockets_option was successful  	[MsgId: MMSG-26392]
Action.c(6): Notify: Transaction "HomePage" started.	[MsgId: MMSG-16999]
Action.c(8): web_url("www.google.com") started  	[MsgId: MMSG-26355]
Action.c(8): Error -27794: Could not resolve address of host www.google.com  	[MsgId: MERR-27794]
End auto log messages stack.	[MsgId: MMSG-10544]


Start auto log messages stack - Iteration 68.	[MsgId: MMSG-10545]
Starting action Action.	[MsgId: MMSG-15919]
Action.c(4): web_set_sockets_option started  	[MsgId: MMSG-26355]
Action.c(4): web_set_sockets_option was successful  	[MsgId: MMSG-26392]
Action.c(6): Notify: Transaction "HomePage" started.	[MsgId: MMSG-16999]
Action.c(8): web_url("www.google.com") started  	[MsgId: MMSG-26355]
Action.c(8): Error -27794: Could not resolve address of host www.google.com  	[MsgId: MERR-27794]
End auto log messages stack.	[MsgId: MMSG-10544]


Start auto log messages stack - Iteration 69.	[MsgId: MMSG-10545]
Starting action Action.	[MsgId: MMSG-15919]
Action.c(4): web_set_sockets_option started  	[MsgId: MMSG-26355]
Action.c(4): web_set_sockets_option was successful  	[MsgId: MMSG-26392]
Action.c(6): Notify: Transaction "HomePage" started.	[MsgId: MMSG-16999]
Action.c(8): web_url("www.google.com") started  	[MsgId: MMSG-26355]
Action.c(8): Error -27794: Could not resolve address of host www.google.com  	[MsgId: MERR-27794]
End auto log messages stack.	[MsgId: MMSG-10544]


Start auto log messages stack - Iteration 70.	[MsgId: MMSG-10545]
Starting action Action.	[MsgId: MMSG-15919]
Action.c(4): web_set_sockets_option started  	[MsgId: MMSG-26355]
Action.c(4): web_set_sockets_option was successful  	[MsgId: MMSG-26392]
Action.c(6): Notify: Transaction "HomePage" started.	[MsgId: MMSG-16999]
Action.c(8): web_url("www.google.com") started  	[MsgId: MMSG-26355]
Action.c(8): Error -27794: Could not resolve address of host www.google.com  	[MsgId: MERR-27794]
End auto log messages stack.	[MsgId: MMSG-10544]


Start auto log messages stack - Iteration 71.	[MsgId: MMSG-10545]
Starting action Action.	[MsgId: MMSG-15919]
Action.c(4): web_set_sockets_option started  	[MsgId: MMSG-26355]
Action.c(4): web_set_sockets_option was successful  	[MsgId: MMSG-26392]
Action.c(6): Notify: Transaction "HomePage" started.	[MsgId: MMSG-16999]
Action.c(8): web_url("www.google.com") started  	[MsgId: MMSG-26355]
Action.c(8): Error -27794: Could not resolve address of host www.google.com  	[MsgId: MERR-27794]
End auto log messages stack.	[MsgId: MMSG-10544]


Start auto log messages stack - Iteration 72.	[MsgId: MMSG-10545]
Starting action Action.	[MsgId: MMSG-15919]
Action.c(4): web_set_sockets_option started  	[MsgId: MMSG-26355]
Action.c(4): web_set_sockets_option was successful  	[MsgId: MMSG-26392]
Action.c(6): Notify: Transaction "HomePage" started.	[MsgId: MMSG-16999]
Action.c(8): web_url("www.google.com") started  	[MsgId: MMSG-26355]
Action.c(8): Error -27794: Could not resolve address of host www.google.com  	[MsgId: MERR-27794]
End auto log messages stack.	[MsgId: MMSG-10544]


Start auto log messages stack - Iteration 73.	[MsgId: MMSG-10545]
Starting action Action.	[MsgId: MMSG-15919]
Action.c(4): web_set_sockets_option started  	[MsgId: MMSG-26355]
Action.c(4): web_set_sockets_option was successful  	[MsgId: MMSG-26392]
Action.c(6): Notify: Transaction "HomePage" started.	[MsgId: MMSG-16999]
Action.c(8): web_url("www.google.com") started  	[MsgId: MMSG-26355]
Action.c(8): Error -27794: Could not resolve address of host www.google.com  	[MsgId: MERR-27794]
End auto log messages stack.	[MsgId: MMSG-10544]


Start auto log messages stack - Iteration 74.	[MsgId: MMSG-10545]
Starting action Action.	[MsgId: MMSG-15919]
Action.c(4): web_set_sockets_option started  	[MsgId: MMSG-26355]
Action.c(4): web_set_sockets_option was successful  	[MsgId: MMSG-26392]
Action.c(6): Notify: Transaction "HomePage" started.	[MsgId: MMSG-16999]
Action.c(8): web_url("www.google.com") started  	[MsgId: MMSG-26355]
Action.c(8): Error -27794: Could not resolve address of host www.google.com  	[MsgId: MERR-27794]
End auto log messages stack.	[MsgId: MMSG-10544]


Start auto log messages stack - Iteration 75.	[MsgId: MMSG-10545]
Starting action Action.	[MsgId: MMSG-15919]
Action.c(4): web_set_sockets_option started  	[MsgId: MMSG-26355]
Action.c(4): web_set_sockets_option was successful  	[MsgId: MMSG-26392]
Action.c(6): Notify: Transaction "HomePage" started.	[MsgId: MMSG-16999]
Action.c(8): web_url("www.google.com") started  	[MsgId: MMSG-26355]
Action.c(8): Error -27794: Could not resolve address of host www.google.com  	[MsgId: MERR-27794]
End auto log messages stack.	[MsgId: MMSG-10544]


Start auto log messages stack - Iteration 76.	[MsgId: MMSG-10545]
Starting action Action.	[MsgId: MMSG-15919]
Action.c(4): web_set_sockets_option started  	[MsgId: MMSG-26355]
Action.c(4): web_set_sockets_option was successful  	[MsgId: MMSG-26392]
Action.c(6): Notify: Transaction "HomePage" started.	[MsgId: MMSG-16999]
Action.c(8): web_url("www.google.com") started  	[MsgId: MMSG-26355]
Action.c(8): Error -27794: Could not resolve address of host www.google.com  	[MsgId: MERR-27794]
End auto log messages stack.	[MsgId: MMSG-10544]


Start auto log messages stack - Iteration 77.	[MsgId: MMSG-10545]
Starting action Action.	[MsgId: MMSG-15919]
Action.c(4): web_set_sockets_option started  	[MsgId: MMSG-26355]
Action.c(4): web_set_sockets_option was successful  	[MsgId: MMSG-26392]
Action.c(6): Notify: Transaction "HomePage" started.	[MsgId: MMSG-16999]
Action.c(8): web_url("www.google.com") started  	[MsgId: MMSG-26355]
Action.c(8): Error -27794: Could not resolve address of host www.google.com  	[MsgId: MERR-27794]
End auto log messages stack.	[MsgId: MMSG-10544]


Start auto log messages stack - Iteration 78.	[MsgId: MMSG-10545]
Starting action Action.	[MsgId: MMSG-15919]
Action.c(4): web_set_sockets_option started  	[MsgId: MMSG-26355]
Action.c(4): web_set_sockets_option was successful  	[MsgId: MMSG-26392]
Action.c(6): Notify: Transaction "HomePage" started.	[MsgId: MMSG-16999]
Action.c(8): web_url("www.google.com") started  	[MsgId: MMSG-26355]
Action.c(8): Error -27794: Could not resolve address of host www.google.com  	[MsgId: MERR-27794]
End auto log messages stack.	[MsgId: MMSG-10544]


Start auto log messages stack - Iteration 79.	[MsgId: MMSG-10545]
Starting action Action.	[MsgId: MMSG-15919]
Action.c(4): web_set_sockets_option started  	[MsgId: MMSG-26355]
Action.c(4): web_set_sockets_option was successful  	[MsgId: MMSG-26392]
Action.c(6): Notify: Transaction "HomePage" started.	[MsgId: MMSG-16999]
Action.c(8): web_url("www.google.com") started  	[MsgId: MMSG-26355]
Action.c(8): Error -27794: Could not resolve address of host www.google.com  	[MsgId: MERR-27794]
End auto log messages stack.	[MsgId: MMSG-10544]


Start auto log messages stack - Iteration 80.	[MsgId: MMSG-10545]
Starting action Action.	[MsgId: MMSG-15919]
Action.c(4): web_set_sockets_option started  	[MsgId: MMSG-26355]
Action.c(4): web_set_sockets_option was successful  	[MsgId: MMSG-26392]
Action.c(6): Notify: Transaction "HomePage" started.	[MsgId: MMSG-16999]
Action.c(8): web_url("www.google.com") started  	[MsgId: MMSG-26355]
Action.c(8): Error -27794: Could not resolve address of host www.google.com  	[MsgId: MERR-27794]
End auto log messages stack.	[MsgId: MMSG-10544]


Start auto log messages stack - Iteration 81.	[MsgId: MMSG-10545]
Starting action Action.	[MsgId: MMSG-15919]
Action.c(4): web_set_sockets_option started  	[MsgId: MMSG-26355]
Action.c(4): web_set_sockets_option was successful  	[MsgId: MMSG-26392]
Action.c(6): Notify: Transaction "HomePage" started.	[MsgId: MMSG-16999]
Action.c(8): web_url("www.google.com") started  	[MsgId: MMSG-26355]
Action.c(8): Error -27794: Could not resolve address of host www.google.com  	[MsgId: MERR-27794]
End auto log messages stack.	[MsgId: MMSG-10544]


Start auto log messages stack - Iteration 82.	[MsgId: MMSG-10545]
Starting action Action.	[MsgId: MMSG-15919]
Action.c(4): web_set_sockets_option started  	[MsgId: MMSG-26355]
Action.c(4): web_set_sockets_option was successful  	[MsgId: MMSG-26392]
Action.c(6): Notify: Transaction "HomePage" started.	[MsgId: MMSG-16999]
Action.c(8): web_url("www.google.com") started  	[MsgId: MMSG-26355]
Action.c(8): Error -27794: Could not resolve address of host www.google.com  	[MsgId: MERR-27794]
End auto log messages stack.	[MsgId: MMSG-10544]


Start auto log messages stack - Iteration 83.	[MsgId: MMSG-10545]
Starting action Action.	[MsgId: MMSG-15919]
Action.c(4): web_set_sockets_option started  	[MsgId: MMSG-26355]
Action.c(4): web_set_sockets_option was successful  	[MsgId: MMSG-26392]
Action.c(6): Notify: Transaction "HomePage" started.	[MsgId: MMSG-16999]
Action.c(8): web_url("www.google.com") started  	[MsgId: MMSG-26355]
Action.c(8): Error -27794: Could not resolve address of host www.google.com  	[MsgId: MERR-27794]
End auto log messages stack.	[MsgId: MMSG-10544]


Start auto log messages stack - Iteration 84.	[MsgId: MMSG-10545]
Starting action Action.	[MsgId: MMSG-15919]
Action.c(4): web_set_sockets_option started  	[MsgId: MMSG-26355]
Action.c(4): web_set_sockets_option was successful  	[MsgId: MMSG-26392]
Action.c(6): Notify: Transaction "HomePage" started.	[MsgId: MMSG-16999]
Action.c(8): web_url("www.google.com") started  	[MsgId: MMSG-26355]
Action.c(8): Error -27794: Could not resolve address of host www.google.com  	[MsgId: MERR-27794]
End auto log messages stack.	[MsgId: MMSG-10544]


Start auto log messages stack - Iteration 85.	[MsgId: MMSG-10545]
Starting action Action.	[MsgId: MMSG-15919]
Action.c(4): web_set_sockets_option started  	[MsgId: MMSG-26355]
Action.c(4): web_set_sockets_option was successful  	[MsgId: MMSG-26392]
Action.c(6): Notify: Transaction "HomePage" started.	[MsgId: MMSG-16999]
Action.c(8): web_url("www.google.com") started  	[MsgId: MMSG-26355]
Action.c(8): Error -27794: Could not resolve address of host www.google.com  	[MsgId: MERR-27794]
End auto log messages stack.	[MsgId: MMSG-10544]


Start auto log messages stack - Iteration 86.	[MsgId: MMSG-10545]
Starting action Action.	[MsgId: MMSG-15919]
Action.c(4): web_set_sockets_option started  	[MsgId: MMSG-26355]
Action.c(4): web_set_sockets_option was successful  	[MsgId: MMSG-26392]
Action.c(6): Notify: Transaction "HomePage" started.	[MsgId: MMSG-16999]
Action.c(8): web_url("www.google.com") started  	[MsgId: MMSG-26355]
Action.c(8): Error -27794: Could not resolve address of host www.google.com  	[MsgId: MERR-27794]
End auto log messages stack.	[MsgId: MMSG-10544]


Start auto log messages stack - Iteration 87.	[MsgId: MMSG-10545]
Starting action Action.	[MsgId: MMSG-15919]
Action.c(4): web_set_sockets_option started  	[MsgId: MMSG-26355]
Action.c(4): web_set_sockets_option was successful  	[MsgId: MMSG-26392]
Action.c(6): Notify: Transaction "HomePage" started.	[MsgId: MMSG-16999]
Action.c(8): web_url("www.google.com") started  	[MsgId: MMSG-26355]
Action.c(8): Error -27794: Could not resolve address of host www.google.com  	[MsgId: MERR-27794]
End auto log messages stack.	[MsgId: MMSG-10544]


Start auto log messages stack - Iteration 88.	[MsgId: MMSG-10545]
Starting action Action.	[MsgId: MMSG-15919]
Action.c(4): web_set_sockets_option started  	[MsgId: MMSG-26355]
Action.c(4): web_set_sockets_option was successful  	[MsgId: MMSG-26392]
Action.c(6): Notify: Transaction "HomePage" started.	[MsgId: MMSG-16999]
Action.c(8): web_url("www.google.com") started  	[MsgId: MMSG-26355]
Action.c(8): Error -27794: Could not resolve address of host www.google.com  	[MsgId: MERR-27794]
End auto log messages stack.	[MsgId: MMSG-10544]


Start auto log messages stack - Iteration 89.	[MsgId: MMSG-10545]
Starting action Action.	[MsgId: MMSG-15919]
Action.c(4): web_set_sockets_option started  	[MsgId: MMSG-26355]
Action.c(4): web_set_sockets_option was successful  	[MsgId: MMSG-26392]
Action.c(6): Notify: Transaction "HomePage" started.	[MsgId: MMSG-16999]
Action.c(8): web_url("www.google.com") started  	[MsgId: MMSG-26355]
Action.c(8): Error -27794: Could not resolve address of host www.google.com  	[MsgId: MERR-27794]
End auto log messages stack.	[MsgId: MMSG-10544]


Start auto log messages stack - Iteration 90.	[MsgId: MMSG-10545]
Starting action Action.	[MsgId: MMSG-15919]
Action.c(4): web_set_sockets_option started  	[MsgId: MMSG-26355]
Action.c(4): web_set_sockets_option was successful  	[MsgId: MMSG-26392]
Action.c(6): Notify: Transaction "HomePage" started.	[MsgId: MMSG-16999]
Action.c(8): web_url("www.google.com") started  	[MsgId: MMSG-26355]
Action.c(8): Error -27794: Could not resolve address of host www.google.com  	[MsgId: MERR-27794]
End auto log messages stack.	[MsgId: MMSG-10544]


Start auto log messages stack - Iteration 91.	[MsgId: MMSG-10545]
Starting action Action.	[MsgId: MMSG-15919]
Action.c(4): web_set_sockets_option started  	[MsgId: MMSG-26355]
Action.c(4): web_set_sockets_option was successful  	[MsgId: MMSG-26392]
Action.c(6): Notify: Transaction "HomePage" started.	[MsgId: MMSG-16999]
Action.c(8): web_url("www.google.com") started  	[MsgId: MMSG-26355]
Action.c(8): Error -27794: Could not resolve address of host www.google.com  	[MsgId: MERR-27794]
End auto log messages stack.	[MsgId: MMSG-10544]


Start auto log messages stack - Iteration 92.	[MsgId: MMSG-10545]
Starting action Action.	[MsgId: MMSG-15919]
Action.c(4): web_set_sockets_option started  	[MsgId: MMSG-26355]
Action.c(4): web_set_sockets_option was successful  	[MsgId: MMSG-26392]
Action.c(6): Notify: Transaction "HomePage" started.	[MsgId: MMSG-16999]
Action.c(8): web_url("www.google.com") started  	[MsgId: MMSG-26355]
Action.c(8): Error -27794: Could not resolve address of host www.google.com  	[MsgId: MERR-27794]
End auto log messages stack.	[MsgId: MMSG-10544]


Start auto log messages stack - Iteration 93.	[MsgId: MMSG-10545]
Starting action Action.	[MsgId: MMSG-15919]
Action.c(4): web_set_sockets_option started  	[MsgId: MMSG-26355]
Action.c(4): web_set_sockets_option was successful  	[MsgId: MMSG-26392]
Action.c(6): Notify: Transaction "HomePage" started.	[MsgId: MMSG-16999]
Action.c(8): web_url("www.google.com") started  	[MsgId: MMSG-26355]
Action.c(8): Error -27794: Could not resolve address of host www.google.com  	[MsgId: MERR-27794]
End auto log messages stack.	[MsgId: MMSG-10544]


Start auto log messages stack - Iteration 94.	[MsgId: MMSG-10545]
Starting action Action.	[MsgId: MMSG-15919]
Action.c(4): web_set_sockets_option started  	[MsgId: MMSG-26355]
Action.c(4): web_set_sockets_option was successful  	[MsgId: MMSG-26392]
Action.c(6): Notify: Transaction "HomePage" started.	[MsgId: MMSG-16999]
Action.c(8): web_url("www.google.com") started  	[MsgId: MMSG-26355]
Action.c(8): Error -27794: Could not resolve address of host www.google.com  	[MsgId: MERR-27794]
End auto log messages stack.	[MsgId: MMSG-10544]


Start auto log messages stack - Iteration 95.	[MsgId: MMSG-10545]
Starting action Action.	[MsgId: MMSG-15919]
Action.c(4): web_set_sockets_option started  	[MsgId: MMSG-26355]
Action.c(4): web_set_sockets_option was successful  	[MsgId: MMSG-26392]
Action.c(6): Notify: Transaction "HomePage" started.	[MsgId: MMSG-16999]
Action.c(8): web_url("www.google.com") started  	[MsgId: MMSG-26355]
Action.c(8): Error -27794: Could not resolve address of host www.google.com  	[MsgId: MERR-27794]
End auto log messages stack.	[MsgId: MMSG-10544]


Start auto log messages stack - Iteration 96.	[MsgId: MMSG-10545]
Starting action Action.	[MsgId: MMSG-15919]
Action.c(4): web_set_sockets_option started  	[MsgId: MMSG-26355]
Action.c(4): web_set_sockets_option was successful  	[MsgId: MMSG-26392]
Action.c(6): Notify: Transaction "HomePage" started.	[MsgId: MMSG-16999]
Action.c(8): web_url("www.google.com") started  	[MsgId: MMSG-26355]
Action.c(8): Error -27794: Could not resolve address of host www.google.com  	[MsgId: MERR-27794]
End auto log messages stack.	[MsgId: MMSG-10544]


Start auto log messages stack - Iteration 97.	[MsgId: MMSG-10545]
Starting action Action.	[MsgId: MMSG-15919]
Action.c(4): web_set_sockets_option started  	[MsgId: MMSG-26355]
Action.c(4): web_set_sockets_option was successful  	[MsgId: MMSG-26392]
Action.c(6): Notify: Transaction "HomePage" started.	[MsgId: MMSG-16999]
Action.c(8): web_url("www.google.com") started  	[MsgId: MMSG-26355]
Action.c(8): Error -27794: Could not resolve address of host www.google.com  	[MsgId: MERR-27794]
End auto log messages stack.	[MsgId: MMSG-10544]


Start auto log messages stack - Iteration 98.	[MsgId: MMSG-10545]
Starting action Action.	[MsgId: MMSG-15919]
Action.c(4): web_set_sockets_option started  	[MsgId: MMSG-26355]
Action.c(4): web_set_sockets_option was successful  	[MsgId: MMSG-26392]
Action.c(6): Notify: Transaction "HomePage" started.	[MsgId: MMSG-16999]
Action.c(8): web_url("www.google.com") started  	[MsgId: MMSG-26355]
Action.c(8): Error -27794: Could not resolve address of host www.google.com  	[MsgId: MERR-27794]
End auto log messages stack.	[MsgId: MMSG-10544]


Start auto log messages stack - Iteration 99.	[MsgId: MMSG-10545]
Starting action Action.	[MsgId: MMSG-15919]
Action.c(4): web_set_sockets_option started  	[MsgId: MMSG-26355]
Action.c(4): web_set_sockets_option was successful  	[MsgId: MMSG-26392]
Action.c(6): Notify: Transaction "HomePage" started.	[MsgId: MMSG-16999]
Action.c(8): web_url("www.google.com") started  	[MsgId: MMSG-26355]
Action.c(8): Error -27794: Could not resolve address of host www.google.com  	[MsgId: MERR-27794]
End auto log messages stack.	[MsgId: MMSG-10544]


Start auto log messages stack - Iteration 100.	[MsgId: MMSG-10545]
Starting action Action.	[MsgId: MMSG-15919]
Action.c(4): web_set_sockets_option started  	[MsgId: MMSG-26355]
Action.c(4): web_set_sockets_option was successful  	[MsgId: MMSG-26392]
Action.c(6): Notify: Transaction "HomePage" started.	[MsgId: MMSG-16999]
Action.c(8): web_url("www.google.com") started  	[MsgId: MMSG-26355]
Action.c(8): Error -27794: Could not resolve address of host www.google.com  	[MsgId: MERR-27794]
End auto log messages stack.	[MsgId: MMSG-10544]


Start auto log messages stack - Iteration 101.	[MsgId: MMSG-10545]
Starting action Action.	[MsgId: MMSG-15919]
Action.c(4): web_set_sockets_option started  	[MsgId: MMSG-26355]
Action.c(4): web_set_sockets_option was successful  	[MsgId: MMSG-26392]
Action.c(6): Notify: Transaction "HomePage" started.	[MsgId: MMSG-16999]
Action.c(8): web_url("www.google.com") started  	[MsgId: MMSG-26355]
Action.c(8): Error -27794: Could not resolve address of host www.google.com  	[MsgId: MERR-27794]
End auto log messages stack.	[MsgId: MMSG-10544]


Start auto log messages stack - Iteration 102.	[MsgId: MMSG-10545]
Starting action Action.	[MsgId: MMSG-15919]
Action.c(4): web_set_sockets_option started  	[MsgId: MMSG-26355]
Action.c(4): web_set_sockets_option was successful  	[MsgId: MMSG-26392]
Action.c(6): Notify: Transaction "HomePage" started.	[MsgId: MMSG-16999]
Action.c(8): web_url("www.google.com") started  	[MsgId: MMSG-26355]
Action.c(8): Error -27794: Could not resolve address of host www.google.com  	[MsgId: MERR-27794]
End auto log messages stack.	[MsgId: MMSG-10544]


Start auto log messages stack - Iteration 103.	[MsgId: MMSG-10545]
Starting action Action.	[MsgId: MMSG-15919]
Action.c(4): web_set_sockets_option started  	[MsgId: MMSG-26355]
Action.c(4): web_set_sockets_option was successful  	[MsgId: MMSG-26392]
Action.c(6): Notify: Transaction "HomePage" started.	[MsgId: MMSG-16999]
Action.c(8): web_url("www.google.com") started  	[MsgId: MMSG-26355]
Action.c(8): Error -27794: Could not resolve address of host www.google.com  	[MsgId: MERR-27794]
End auto log messages stack.	[MsgId: MMSG-10544]


Start auto log messages stack - Iteration 104.	[MsgId: MMSG-10545]
Starting action Action.	[MsgId: MMSG-15919]
Action.c(4): web_set_sockets_option started  	[MsgId: MMSG-26355]
Action.c(4): web_set_sockets_option was successful  	[MsgId: MMSG-26392]
Action.c(6): Notify: Transaction "HomePage" started.	[MsgId: MMSG-16999]
Action.c(8): web_url("www.google.com") started  	[MsgId: MMSG-26355]
Action.c(8): Error -27794: Could not resolve address of host www.google.com  	[MsgId: MERR-27794]
End auto log messages stack.	[MsgId: MMSG-10544]


Start auto log messages stack - Iteration 105.	[MsgId: MMSG-10545]
Starting action Action.	[MsgId: MMSG-15919]
Action.c(4): web_set_sockets_option started  	[MsgId: MMSG-26355]
Action.c(4): web_set_sockets_option was successful  	[MsgId: MMSG-26392]
Action.c(6): Notify: Transaction "HomePage" started.	[MsgId: MMSG-16999]
Action.c(8): web_url("www.google.com") started  	[MsgId: MMSG-26355]
Action.c(8): Error -27794: Could not resolve address of host www.google.com  	[MsgId: MERR-27794]
End auto log messages stack.	[MsgId: MMSG-10544]


Start auto log messages stack - Iteration 106.	[MsgId: MMSG-10545]
Starting action Action.	[MsgId: MMSG-15919]
Action.c(4): web_set_sockets_option started  	[MsgId: MMSG-26355]
Action.c(4): web_set_sockets_option was successful  	[MsgId: MMSG-26392]
Action.c(6): Notify: Transaction "HomePage" started.	[MsgId: MMSG-16999]
Action.c(8): web_url("www.google.com") started  	[MsgId: MMSG-26355]
Action.c(8): Error -27794: Could not resolve address of host www.google.com  	[MsgId: MERR-27794]
End auto log messages stack.	[MsgId: MMSG-10544]


Start auto log messages stack - Iteration 107.	[MsgId: MMSG-10545]
Starting action Action.	[MsgId: MMSG-15919]
Action.c(4): web_set_sockets_option started  	[MsgId: MMSG-26355]
Action.c(4): web_set_sockets_option was successful  	[MsgId: MMSG-26392]
Action.c(6): Notify: Transaction "HomePage" started.	[MsgId: MMSG-16999]
Action.c(8): web_url("www.google.com") started  	[MsgId: MMSG-26355]
Action.c(8): Error -27794: Could not resolve address of host www.google.com  	[MsgId: MERR-27794]
End auto log messages stack.	[MsgId: MMSG-10544]


Start auto log messages stack - Iteration 108.	[MsgId: MMSG-10545]
Starting action Action.	[MsgId: MMSG-15919]
Action.c(4): web_set_sockets_option started  	[MsgId: MMSG-26355]
Action.c(4): web_set_sockets_option was successful  	[MsgId: MMSG-26392]
Action.c(6): Notify: Transaction "HomePage" started.	[MsgId: MMSG-16999]
Action.c(8): web_url("www.google.com") started  	[MsgId: MMSG-26355]
Action.c(8): Error -27794: Could not resolve address of host www.google.com  	[MsgId: MERR-27794]
End auto log messages stack.	[MsgId: MMSG-10544]


Start auto log messages stack - Iteration 109.	[MsgId: MMSG-10545]
Starting action Action.	[MsgId: MMSG-15919]
Action.c(4): web_set_sockets_option started  	[MsgId: MMSG-26355]
Action.c(4): web_set_sockets_option was successful  	[MsgId: MMSG-26392]
Action.c(6): Notify: Transaction "HomePage" started.	[MsgId: MMSG-16999]
Action.c(8): web_url("www.google.com") started  	[MsgId: MMSG-26355]
Action.c(8): Error -27794: Could not resolve address of host www.google.com  	[MsgId: MERR-27794]
End auto log messages stack.	[MsgId: MMSG-10544]


Start auto log messages stack - Iteration 110.	[MsgId: MMSG-10545]
Starting action Action.	[MsgId: MMSG-15919]
Action.c(4): web_set_sockets_option started  	[MsgId: MMSG-26355]
Action.c(4): web_set_sockets_option was successful  	[MsgId: MMSG-26392]
Action.c(6): Notify: Transaction "HomePage" started.	[MsgId: MMSG-16999]
Action.c(8): web_url("www.google.com") started  	[MsgId: MMSG-26355]
Action.c(8): Error -27794: Could not resolve address of host www.google.com  	[MsgId: MERR-27794]
End auto log messages stack.	[MsgId: MMSG-10544]


Start auto log messages stack - Iteration 111.	[MsgId: MMSG-10545]
Starting action Action.	[MsgId: MMSG-15919]
Action.c(4): web_set_sockets_option started  	[MsgId: MMSG-26355]
Action.c(4): web_set_sockets_option was successful  	[MsgId: MMSG-26392]
Action.c(6): Notify: Transaction "HomePage" started.	[MsgId: MMSG-16999]
Action.c(8): web_url("www.google.com") started  	[MsgId: MMSG-26355]
Action.c(8): Error -27794: Could not resolve address of host www.google.com  	[MsgId: MERR-27794]
End auto log messages stack.	[MsgId: MMSG-10544]


Start auto log messages stack - Iteration 112.	[MsgId: MMSG-10545]
Starting action Action.	[MsgId: MMSG-15919]
Action.c(4): web_set_sockets_option started  	[MsgId: MMSG-26355]
Action.c(4): web_set_sockets_option was successful  	[MsgId: MMSG-26392]
Action.c(6): Notify: Transaction "HomePage" started.	[MsgId: MMSG-16999]
Action.c(8): web_url("www.google.com") started  	[MsgId: MMSG-26355]
Action.c(8): Error -27794: Could not resolve address of host www.google.com  	[MsgId: MERR-27794]
End auto log messages stack.	[MsgId: MMSG-10544]


Start auto log messages stack - Iteration 113.	[MsgId: MMSG-10545]
Starting action Action.	[MsgId: MMSG-15919]
Action.c(4): web_set_sockets_option started  	[MsgId: MMSG-26355]
Action.c(4): web_set_sockets_option was successful  	[MsgId: MMSG-26392]
Action.c(6): Notify: Transaction "HomePage" started.	[MsgId: MMSG-16999]
Action.c(8): web_url("www.google.com") started  	[MsgId: MMSG-26355]
Action.c(8): Error -27794: Could not resolve address of host www.google.com  	[MsgId: MERR-27794]
End auto log messages stack.	[MsgId: MMSG-10544]


Start auto log messages stack - Iteration 114.	[MsgId: MMSG-10545]
Starting action Action.	[MsgId: MMSG-15919]
Action.c(4): web_set_sockets_option started  	[MsgId: MMSG-26355]
Action.c(4): web_set_sockets_option was successful  	[MsgId: MMSG-26392]
Action.c(6): Notify: Transaction "HomePage" started.	[MsgId: MMSG-16999]
Action.c(8): web_url("www.google.com") started  	[MsgId: MMSG-26355]
Action.c(8): Error -27794: Could not resolve address of host www.google.com  	[MsgId: MERR-27794]
End auto log messages stack.	[MsgId: MMSG-10544]


Start auto log messages stack - Iteration 115.	[MsgId: MMSG-10545]
Starting action Action.	[MsgId: MMSG-15919]
Action.c(4): web_set_sockets_option started  	[MsgId: MMSG-26355]
Action.c(4): web_set_sockets_option was successful  	[MsgId: MMSG-26392]
Action.c(6): Notify: Transaction "HomePage" started.	[MsgId: MMSG-16999]
Action.c(8): web_url("www.google.com") started  	[MsgId: MMSG-26355]
Action.c(8): Error -27794: Could not resolve address of host www.google.com  	[MsgId: MERR-27794]
End auto log messages stack.	[MsgId: MMSG-10544]


Start auto log messages stack - Iteration 116.	[MsgId: MMSG-10545]
Starting action Action.	[MsgId: MMSG-15919]
Action.c(4): web_set_sockets_option started  	[MsgId: MMSG-26355]
Action.c(4): web_set_sockets_option was successful  	[MsgId: MMSG-26392]
Action.c(6): Notify: Transaction "HomePage" started.	[MsgId: MMSG-16999]
Action.c(8): web_url("www.google.com") started  	[MsgId: MMSG-26355]
Action.c(8): Error -27794: Could not resolve address of host www.google.com  	[MsgId: MERR-27794]
End auto log messages stack.	[MsgId: MMSG-10544]


Start auto log messages stack - Iteration 117.	[MsgId: MMSG-10545]
Starting action Action.	[MsgId: MMSG-15919]
Action.c(4): web_set_sockets_option started  	[MsgId: MMSG-26355]
Action.c(4): web_set_sockets_option was successful  	[MsgId: MMSG-26392]
Action.c(6): Notify: Transaction "HomePage" started.	[MsgId: MMSG-16999]
Action.c(8): web_url("www.google.com") started  	[MsgId: MMSG-26355]
Action.c(8): Error -27794: Could not resolve address of host www.google.com  	[MsgId: MERR-27794]
End auto log messages stack.	[MsgId: MMSG-10544]


Start auto log messages stack - Iteration 118.	[MsgId: MMSG-10545]
Starting action Action.	[MsgId: MMSG-15919]
Action.c(4): web_set_sockets_option started  	[MsgId: MMSG-26355]
Action.c(4): web_set_sockets_option was successful  	[MsgId: MMSG-26392]
Action.c(6): Notify: Transaction "HomePage" started.	[MsgId: MMSG-16999]
Action.c(8): web_url("www.google.com") started  	[MsgId: MMSG-26355]
Action.c(8): Error -27794: Could not resolve address of host www.google.com  	[MsgId: MERR-27794]
End auto log messages stack.	[MsgId: MMSG-10544]


Start auto log messages stack - Iteration 119.	[MsgId: MMSG-10545]
Starting action Action.	[MsgId: MMSG-15919]
Action.c(4): web_set_sockets_option started  	[MsgId: MMSG-26355]
Action.c(4): web_set_sockets_option was successful  	[MsgId: MMSG-26392]
Action.c(6): Notify: Transaction "HomePage" started.	[MsgId: MMSG-16999]
Action.c(8): web_url("www.google.com") started  	[MsgId: MMSG-26355]
Action.c(8): Error -27794: Could not resolve address of host www.google.com  	[MsgId: MERR-27794]
End auto log messages stack.	[MsgId: MMSG-10544]


Start auto log messages stack - Iteration 120.	[MsgId: MMSG-10545]
Starting action Action.	[MsgId: MMSG-15919]
Action.c(4): web_set_sockets_option started  	[MsgId: MMSG-26355]
Action.c(4): web_set_sockets_option was successful  	[MsgId: MMSG-26392]
Action.c(6): Notify: Transaction "HomePage" started.	[MsgId: MMSG-16999]
Action.c(8): web_url("www.google.com") started  	[MsgId: MMSG-26355]
Action.c(8): Error -27794: Could not resolve address of host www.google.com  	[MsgId: MERR-27794]
End auto log messages stack.	[MsgId: MMSG-10544]


Start auto log messages stack - Iteration 121.	[MsgId: MMSG-10545]
Starting action Action.	[MsgId: MMSG-15919]
Action.c(4): web_set_sockets_option started  	[MsgId: MMSG-26355]
Action.c(4): web_set_sockets_option was successful  	[MsgId: MMSG-26392]
Action.c(6): Notify: Transaction "HomePage" started.	[MsgId: MMSG-16999]
Action.c(8): web_url("www.google.com") started  	[MsgId: MMSG-26355]
Action.c(8): Error -27794: Could not resolve address of host www.google.com  	[MsgId: MERR-27794]
End auto log messages stack.	[MsgId: MMSG-10544]


Start auto log messages stack - Iteration 122.	[MsgId: MMSG-10545]
Starting action Action.	[MsgId: MMSG-15919]
Action.c(4): web_set_sockets_option started  	[MsgId: MMSG-26355]
Action.c(4): web_set_sockets_option was successful  	[MsgId: MMSG-26392]
Action.c(6): Notify: Transaction "HomePage" started.	[MsgId: MMSG-16999]
Action.c(8): web_url("www.google.com") started  	[MsgId: MMSG-26355]
Action.c(8): Error -27794: Could not resolve address of host www.google.com  	[MsgId: MERR-27794]
End auto log messages stack.	[MsgId: MMSG-10544]


Start auto log messages stack - Iteration 123.	[MsgId: MMSG-10545]
Starting action Action.	[MsgId: MMSG-15919]
Action.c(4): web_set_sockets_option started  	[MsgId: MMSG-26355]
Action.c(4): web_set_sockets_option was successful  	[MsgId: MMSG-26392]
Action.c(6): Notify: Transaction "HomePage" started.	[MsgId: MMSG-16999]
Action.c(8): web_url("www.google.com") started  	[MsgId: MMSG-26355]
Action.c(8): Error -27794: Could not resolve address of host www.google.com  	[MsgId: MERR-27794]
End auto log messages stack.	[MsgId: MMSG-10544]


Start auto log messages stack - Iteration 124.	[MsgId: MMSG-10545]
Starting action Action.	[MsgId: MMSG-15919]
Action.c(4): web_set_sockets_option started  	[MsgId: MMSG-26355]
Action.c(4): web_set_sockets_option was successful  	[MsgId: MMSG-26392]
Action.c(6): Notify: Transaction "HomePage" started.	[MsgId: MMSG-16999]
Action.c(8): web_url("www.google.com") started  	[MsgId: MMSG-26355]
Action.c(8): Error -27794: Could not resolve address of host www.google.com  	[MsgId: MERR-27794]
End auto log messages stack.	[MsgId: MMSG-10544]


Start auto log messages stack - Iteration 125.	[MsgId: MMSG-10545]
Starting action Action.	[MsgId: MMSG-15919]
Action.c(4): web_set_sockets_option started  	[MsgId: MMSG-26355]
Action.c(4): web_set_sockets_option was successful  	[MsgId: MMSG-26392]
Action.c(6): Notify: Transaction "HomePage" started.	[MsgId: MMSG-16999]
Action.c(8): web_url("www.google.com") started  	[MsgId: MMSG-26355]
Action.c(8): Error -27794: Could not resolve address of host www.google.com  	[MsgId: MERR-27794]
End auto log messages stack.	[MsgId: MMSG-10544]


Start auto log messages stack - Iteration 126.	[MsgId: MMSG-10545]
Starting action Action.	[MsgId: MMSG-15919]
Action.c(4): web_set_sockets_option started  	[MsgId: MMSG-26355]
Action.c(4): web_set_sockets_option was successful  	[MsgId: MMSG-26392]
Action.c(6): Notify: Transaction "HomePage" started.	[MsgId: MMSG-16999]
Action.c(8): web_url("www.google.com") started  	[MsgId: MMSG-26355]
Action.c(8): Error -27794: Could not resolve address of host www.google.com  	[MsgId: MERR-27794]
End auto log messages stack.	[MsgId: MMSG-10544]


Start auto log messages stack - Iteration 127.	[MsgId: MMSG-10545]
Starting action Action.	[MsgId: MMSG-15919]
Action.c(4): web_set_sockets_option started  	[MsgId: MMSG-26355]
Action.c(4): web_set_sockets_option was successful  	[MsgId: MMSG-26392]
Action.c(6): Notify: Transaction "HomePage" started.	[MsgId: MMSG-16999]
Action.c(8): web_url("www.google.com") started  	[MsgId: MMSG-26355]
Action.c(8): Error -27794: Could not resolve address of host www.google.com  	[MsgId: MERR-27794]
End auto log messages stack.	[MsgId: MMSG-10544]


Start auto log messages stack - Iteration 128.	[MsgId: MMSG-10545]
Starting action Action.	[MsgId: MMSG-15919]
Action.c(4): web_set_sockets_option started  	[MsgId: MMSG-26355]
Action.c(4): web_set_sockets_option was successful  	[MsgId: MMSG-26392]
Action.c(6): Notify: Transaction "HomePage" started.	[MsgId: MMSG-16999]
Action.c(8): web_url("www.google.com") started  	[MsgId: MMSG-26355]
Action.c(8): Error -27794: Could not resolve address of host www.google.com  	[MsgId: MERR-27794]
End auto log messages stack.	[MsgId: MMSG-10544]


Start auto log messages stack - Iteration 129.	[MsgId: MMSG-10545]
Starting action Action.	[MsgId: MMSG-15919]
Action.c(4): web_set_sockets_option started  	[MsgId: MMSG-26355]
Action.c(4): web_set_sockets_option was successful  	[MsgId: MMSG-26392]
Action.c(6): Notify: Transaction "HomePage" started.	[MsgId: MMSG-16999]
Action.c(8): web_url("www.google.com") started  	[MsgId: MMSG-26355]
Action.c(8): Error -27794: Could not resolve address of host www.google.com  	[MsgId: MERR-27794]
End auto log messages stack.	[MsgId: MMSG-10544]


Start auto log messages stack - Iteration 130.	[MsgId: MMSG-10545]
Starting action Action.	[MsgId: MMSG-15919]
Action.c(4): web_set_sockets_option started  	[MsgId: MMSG-26355]
Action.c(4): web_set_sockets_option was successful  	[MsgId: MMSG-26392]
Action.c(6): Notify: Transaction "HomePage" started.	[MsgId: MMSG-16999]
Action.c(8): web_url("www.google.com") started  	[MsgId: MMSG-26355]
Action.c(8): Error -27794: Could not resolve address of host www.google.com  	[MsgId: MERR-27794]
End auto log messages stack.	[MsgId: MMSG-10544]


Start auto log messages stack - Iteration 131.	[MsgId: MMSG-10545]
Starting action Action.	[MsgId: MMSG-15919]
Action.c(4): web_set_sockets_option started  	[MsgId: MMSG-26355]
Action.c(4): web_set_sockets_option was successful  	[MsgId: MMSG-26392]
Action.c(6): Notify: Transaction "HomePage" started.	[MsgId: MMSG-16999]
Action.c(8): web_url("www.google.com") started  	[MsgId: MMSG-26355]
Action.c(8): Error -27794: Could not resolve address of host www.google.com  	[MsgId: MERR-27794]
End auto log messages stack.	[MsgId: MMSG-10544]


Start auto log messages stack - Iteration 132.	[MsgId: MMSG-10545]
Starting action Action.	[MsgId: MMSG-15919]
Action.c(4): web_set_sockets_option started  	[MsgId: MMSG-26355]
Action.c(4): web_set_sockets_option was successful  	[MsgId: MMSG-26392]
Action.c(6): Notify: Transaction "HomePage" started.	[MsgId: MMSG-16999]
Action.c(8): web_url("www.google.com") started  	[MsgId: MMSG-26355]
Action.c(8): Error -27794: Could not resolve address of host www.google.com  	[MsgId: MERR-27794]
End auto log messages stack.	[MsgId: MMSG-10544]


Start auto log messages stack - Iteration 133.	[MsgId: MMSG-10545]
Starting action Action.	[MsgId: MMSG-15919]
Action.c(4): web_set_sockets_option started  	[MsgId: MMSG-26355]
Action.c(4): web_set_sockets_option was successful  	[MsgId: MMSG-26392]
Action.c(6): Notify: Transaction "HomePage" started.	[MsgId: MMSG-16999]
Action.c(8): web_url("www.google.com") started  	[MsgId: MMSG-26355]
Action.c(8): Error -27794: Could not resolve address of host www.google.com  	[MsgId: MERR-27794]
End auto log messages stack.	[MsgId: MMSG-10544]


Start auto log messages stack - Iteration 134.	[MsgId: MMSG-10545]
Starting action Action.	[MsgId: MMSG-15919]
Action.c(4): web_set_sockets_option started  	[MsgId: MMSG-26355]
Action.c(4): web_set_sockets_option was successful  	[MsgId: MMSG-26392]
Action.c(6): Notify: Transaction "HomePage" started.	[MsgId: MMSG-16999]
Action.c(8): web_url("www.google.com") started  	[MsgId: MMSG-26355]
Action.c(8): Error -27794: Could not resolve address of host www.google.com  	[MsgId: MERR-27794]
End auto log messages stack.	[MsgId: MMSG-10544]


Start auto log messages stack - Iteration 135.	[MsgId: MMSG-10545]
Starting action Action.	[MsgId: MMSG-15919]
Action.c(4): web_set_sockets_option started  	[MsgId: MMSG-26355]
Action.c(4): web_set_sockets_option was successful  	[MsgId: MMSG-26392]
Action.c(6): Notify: Transaction "HomePage" started.	[MsgId: MMSG-16999]
Action.c(8): web_url("www.google.com") started  	[MsgId: MMSG-26355]
Action.c(8): Error -27794: Could not resolve address of host www.google.com  	[MsgId: MERR-27794]
End auto log messages stack.	[MsgId: MMSG-10544]


Start auto log messages stack - Iteration 136.	[MsgId: MMSG-10545]
Starting action Action.	[MsgId: MMSG-15919]
Action.c(4): web_set_sockets_option started  	[MsgId: MMSG-26355]
Action.c(4): web_set_sockets_option was successful  	[MsgId: MMSG-26392]
Action.c(6): Notify: Transaction "HomePage" started.	[MsgId: MMSG-16999]
Action.c(8): web_url("www.google.com") started  	[MsgId: MMSG-26355]
Action.c(8): Error -27794: Could not resolve address of host www.google.com  	[MsgId: MERR-27794]
End auto log messages stack.	[MsgId: MMSG-10544]


Start auto log messages stack - Iteration 137.	[MsgId: MMSG-10545]
Starting action Action.	[MsgId: MMSG-15919]
Action.c(4): web_set_sockets_option started  	[MsgId: MMSG-26355]
Action.c(4): web_set_sockets_option was successful  	[MsgId: MMSG-26392]
Action.c(6): Notify: Transaction "HomePage" started.	[MsgId: MMSG-16999]
Action.c(8): web_url("www.google.com") started  	[MsgId: MMSG-26355]
Action.c(8): Error -27794: Could not resolve address of host www.google.com  	[MsgId: MERR-27794]
End auto log messages stack.	[MsgId: MMSG-10544]


Start auto log messages stack - Iteration 138.	[MsgId: MMSG-10545]
Starting action Action.	[MsgId: MMSG-15919]
Action.c(4): web_set_sockets_option started  	[MsgId: MMSG-26355]
Action.c(4): web_set_sockets_option was successful  	[MsgId: MMSG-26392]
Action.c(6): Notify: Transaction "HomePage" started.	[MsgId: MMSG-16999]
Action.c(8): web_url("www.google.com") started  	[MsgId: MMSG-26355]
Action.c(8): Error -27794: Could not resolve address of host www.google.com  	[MsgId: MERR-27794]
End auto log messages stack.	[MsgId: MMSG-10544]


Start auto log messages stack - Iteration 139.	[MsgId: MMSG-10545]
Starting action Action.	[MsgId: MMSG-15919]
Action.c(4): web_set_sockets_option started  	[MsgId: MMSG-26355]
Action.c(4): web_set_sockets_option was successful  	[MsgId: MMSG-26392]
Action.c(6): Notify: Transaction "HomePage" started.	[MsgId: MMSG-16999]
Action.c(8): web_url("www.google.com") started  	[MsgId: MMSG-26355]
Action.c(8): Error -27794: Could not resolve address of host www.google.com  	[MsgId: MERR-27794]
End auto log messages stack.	[MsgId: MMSG-10544]


Start auto log messages stack - Iteration 140.	[MsgId: MMSG-10545]
Starting action Action.	[MsgId: MMSG-15919]
Action.c(4): web_set_sockets_option started  	[MsgId: MMSG-26355]
Action.c(4): web_set_sockets_option was successful  	[MsgId: MMSG-26392]
Action.c(6): Notify: Transaction "HomePage" started.	[MsgId: MMSG-16999]
Action.c(8): web_url("www.google.com") started  	[MsgId: MMSG-26355]
Action.c(8): Error -27794: Could not resolve address of host www.google.com  	[MsgId: MERR-27794]
End auto log messages stack.	[MsgId: MMSG-10544]


Start auto log messages stack - Iteration 141.	[MsgId: MMSG-10545]
Starting action Action.	[MsgId: MMSG-15919]
Action.c(4): web_set_sockets_option started  	[MsgId: MMSG-26355]
Action.c(4): web_set_sockets_option was successful  	[MsgId: MMSG-26392]
Action.c(6): Notify: Transaction "HomePage" started.	[MsgId: MMSG-16999]
Action.c(8): web_url("www.google.com") started  	[MsgId: MMSG-26355]
Action.c(8): Error -27794: Could not resolve address of host www.google.com  	[MsgId: MERR-27794]
End auto log messages stack.	[MsgId: MMSG-10544]


Start auto log messages stack - Iteration 142.	[MsgId: MMSG-10545]
Starting action Action.	[MsgId: MMSG-15919]
Action.c(4): web_set_sockets_option started  	[MsgId: MMSG-26355]
Action.c(4): web_set_sockets_option was successful  	[MsgId: MMSG-26392]
Action.c(6): Notify: Transaction "HomePage" started.	[MsgId: MMSG-16999]
Action.c(8): web_url("www.google.com") started  	[MsgId: MMSG-26355]
Action.c(8): Error -27794: Could not resolve address of host www.google.com  	[MsgId: MERR-27794]
End auto log messages stack.	[MsgId: MMSG-10544]


Start auto log messages stack - Iteration 143.	[MsgId: MMSG-10545]
Starting action Action.	[MsgId: MMSG-15919]
Action.c(4): web_set_sockets_option started  	[MsgId: MMSG-26355]
Action.c(4): web_set_sockets_option was successful  	[MsgId: MMSG-26392]
Action.c(6): Notify: Transaction "HomePage" started.	[MsgId: MMSG-16999]
Action.c(8): web_url("www.google.com") started  	[MsgId: MMSG-26355]
Action.c(8): Error -27794: Could not resolve address of host www.google.com  	[MsgId: MERR-27794]
End auto log messages stack.	[MsgId: MMSG-10544]


Start auto log messages stack - Iteration 144.	[MsgId: MMSG-10545]
Starting action Action.	[MsgId: MMSG-15919]
Action.c(4): web_set_sockets_option started  	[MsgId: MMSG-26355]
Action.c(4): web_set_sockets_option was successful  	[MsgId: MMSG-26392]
Action.c(6): Notify: Transaction "HomePage" started.	[MsgId: MMSG-16999]
Action.c(8): web_url("www.google.com") started  	[MsgId: MMSG-26355]
Action.c(8): Error -27794: Could not resolve address of host www.google.com  	[MsgId: MERR-27794]
End auto log messages stack.	[MsgId: MMSG-10544]


Start auto log messages stack - Iteration 145.	[MsgId: MMSG-10545]
Starting action Action.	[MsgId: MMSG-15919]
Action.c(4): web_set_sockets_option started  	[MsgId: MMSG-26355]
Action.c(4): web_set_sockets_option was successful  	[MsgId: MMSG-26392]
Action.c(6): Notify: Transaction "HomePage" started.	[MsgId: MMSG-16999]
Action.c(8): web_url("www.google.com") started  	[MsgId: MMSG-26355]
Action.c(8): Error -27794: Could not resolve address of host www.google.com  	[MsgId: MERR-27794]
End auto log messages stack.	[MsgId: MMSG-10544]


Start auto log messages stack - Iteration 146.	[MsgId: MMSG-10545]
Starting action Action.	[MsgId: MMSG-15919]
Action.c(4): web_set_sockets_option started  	[MsgId: MMSG-26355]
Action.c(4): web_set_sockets_option was successful  	[MsgId: MMSG-26392]
Action.c(6): Notify: Transaction "HomePage" started.	[MsgId: MMSG-16999]
Action.c(8): web_url("www.google.com") started  	[MsgId: MMSG-26355]
Action.c(8): Error -27794: Could not resolve address of host www.google.com  	[MsgId: MERR-27794]
End auto log messages stack.	[MsgId: MMSG-10544]


Start auto log messages stack - Iteration 147.	[MsgId: MMSG-10545]
Starting action Action.	[MsgId: MMSG-15919]
Action.c(4): web_set_sockets_option started  	[MsgId: MMSG-26355]
Action.c(4): web_set_sockets_option was successful  	[MsgId: MMSG-26392]
Action.c(6): Notify: Transaction "HomePage" started.	[MsgId: MMSG-16999]
Action.c(8): web_url("www.google.com") started  	[MsgId: MMSG-26355]
Action.c(8): Error -27794: Could not resolve address of host www.google.com  	[MsgId: MERR-27794]
End auto log messages stack.	[MsgId: MMSG-10544]


Start auto log messages stack - Iteration 148.	[MsgId: MMSG-10545]
Starting action Action.	[MsgId: MMSG-15919]
Action.c(4): web_set_sockets_option started  	[MsgId: MMSG-26355]
Action.c(4): web_set_sockets_option was successful  	[MsgId: MMSG-26392]
Action.c(6): Notify: Transaction "HomePage" started.	[MsgId: MMSG-16999]
Action.c(8): web_url("www.google.com") started  	[MsgId: MMSG-26355]
Action.c(8): Error -27794: Could not resolve address of host www.google.com  	[MsgId: MERR-27794]
End auto log messages stack.	[MsgId: MMSG-10544]


